<?xml version="1.0" encoding="UTF-8"?>
<!-- Generated by org.testng.reporters.JUnitReportReporter -->
<testsuite hostname="INP-PF3B0L19-LT" failures="0" tests="2" name="parallel.TestNgRunner" time="16.608" errors="0" timestamp="2022-08-20T21:00:15 IST" skipped="0">
  <testcase classname="parallel.TestNgRunner" name="runScenario" time="9.395"/>
  <system-out/>
  <testcase classname="parallel.TestNgRunner" name="runScenario" time="7.213"/>
  <system-out/>
</testsuite> <!-- parallel.TestNgRunner -->
